{
  "RSpec": {
    "coverage": {
      "/home/ubuntu/.ashup99/TAMU/Fall 23/Assignments/SE/TopMate-Clone/app/helpers/application_helper.rb": {
        "lines": [
          null,
          null,
          1,
          null
        ]
      },
      "/home/ubuntu/.ashup99/TAMU/Fall 23/Assignments/SE/TopMate-Clone/app/helpers/appointments_helper.rb": {
        "lines": [
          null,
          null,
          1,
          1,
          null,
          null,
          null,
          null,
          null,
          null,
          null,
          null,
          null,
          1,
          1,
          1,
          1,
          7,
          7,
          4,
          null,
          null,
          null,
          null,
          7,
          null,
          1,
          null,
          null,
          1,
          11,
          11,
          null,
          10,
          10,
          10,
          null,
          null,
          1,
          19,
          19,
          null,
          null,
          1,
          14,
          null,
          14,
          11,
          11,
          null,
          11,
          4,
          4,
          null,
          4,
          null,
          3,
          2,
          null,
          3,
          2,
          null,
          1,
          null,
          null,
          null,
          11,
          10,
          null,
          null,
          14,
          null,
          null
        ]
      },
      "/home/ubuntu/.ashup99/TAMU/Fall 23/Assignments/SE/TopMate-Clone/app/helpers/edit_public_page_helper.rb": {
        "lines": [
          null,
          null,
          1,
          null
        ]
      },
      "/home/ubuntu/.ashup99/TAMU/Fall 23/Assignments/SE/TopMate-Clone/app/helpers/email_submission_helper.rb": {
        "lines": [
          null,
          null,
          1,
          null
        ]
      },
      "/home/ubuntu/.ashup99/TAMU/Fall 23/Assignments/SE/TopMate-Clone/app/helpers/public_page_helper.rb": {
        "lines": [
          null,
          null,
          1,
          null
        ]
      },
      "/home/ubuntu/.ashup99/TAMU/Fall 23/Assignments/SE/TopMate-Clone/app/helpers/services_helper.rb": {
        "lines": [
          null,
          null,
          1,
          null
        ]
      },
      "/home/ubuntu/.ashup99/TAMU/Fall 23/Assignments/SE/TopMate-Clone/app/helpers/welcome_helper.rb": {
        "lines": [
          null,
          null,
          1,
          null
        ]
      },
      "/home/ubuntu/.ashup99/TAMU/Fall 23/Assignments/SE/TopMate-Clone/app/models/hour.rb": {
        "lines": [
          null,
          null,
          1,
          1,
          null,
          1,
          1,
          1,
          1,
          1,
          1,
          1,
          null,
          1,
          44,
          44,
          null,
          0,
          null,
          null,
          1,
          44,
          null,
          43,
          43,
          43,
          null,
          4,
          null,
          null,
          1,
          44,
          null,
          43,
          43,
          null,
          76,
          null,
          null,
          1,
          1,
          1,
          1,
          null,
          1,
          0,
          null,
          1,
          0,
          null,
          1,
          0,
          0,
          null,
          null,
          null,
          null
        ]
      },
      "/home/ubuntu/.ashup99/TAMU/Fall 23/Assignments/SE/TopMate-Clone/app/models/application_record.rb": {
        "lines": [
          null,
          null,
          1,
          1,
          null
        ]
      },
      "/home/ubuntu/.ashup99/TAMU/Fall 23/Assignments/SE/TopMate-Clone/app/models/service.rb": {
        "lines": [
          null,
          null,
          1,
          1,
          1,
          null,
          1,
          1,
          1,
          1,
          1,
          null,
          1,
          25,
          null,
          0,
          null,
          null
        ]
      },
      "/home/ubuntu/.ashup99/TAMU/Fall 23/Assignments/SE/TopMate-Clone/app/models/user.rb": {
        "lines": [
          null,
          null,
          1,
          1,
          1,
          1,
          1,
          null
        ]
      },
      "/home/ubuntu/.ashup99/TAMU/Fall 23/Assignments/SE/TopMate-Clone/app/controllers/appointments_controller.rb": {
        "lines": [
          null,
          null,
          1,
          1,
          1,
          null,
          1,
          0,
          0,
          0,
          0,
          0,
          null,
          0,
          0,
          0,
          0,
          0,
          0,
          null,
          null,
          0,
          0,
          null,
          0,
          0,
          null,
          0,
          null,
          null,
          null,
          1,
          1,
          1,
          1,
          1,
          1,
          1,
          1,
          1,
          1,
          1,
          1,
          1,
          1,
          null,
          null,
          null,
          1,
          1,
          1,
          1,
          1,
          null,
          null,
          1,
          0,
          0,
          0,
          0,
          0,
          0,
          0,
          0,
          0,
          0,
          null,
          null,
          0,
          null,
          null,
          0,
          0,
          null,
          0,
          0,
          0,
          0,
          null,
          0,
          null,
          null,
          null,
          1,
          0,
          0,
          null,
          0,
          null,
          0,
          0,
          0,
          0,
          null,
          0,
          null,
          null,
          null,
          1,
          1,
          1,
          1,
          1,
          1,
          1,
          1,
          1,
          1,
          1,
          1,
          1,
          1,
          0,
          0,
          0,
          null,
          1,
          1,
          1,
          1,
          1,
          1,
          1,
          null,
          1,
          1,
          1,
          null,
          null,
          1,
          1,
          null,
          1,
          1,
          1,
          null,
          null,
          null,
          1,
          1,
          1,
          1,
          1,
          null,
          null,
          1,
          null,
          1,
          1,
          null,
          1,
          1,
          1,
          1,
          1,
          1,
          1,
          null,
          1,
          1,
          1,
          1,
          null,
          0,
          null,
          null,
          null,
          1,
          0,
          0,
          0,
          0,
          null,
          null,
          1,
          null,
          1,
          1,
          null,
          null,
          1,
          0,
          null,
          null
        ]
      },
      "/home/ubuntu/.ashup99/TAMU/Fall 23/Assignments/SE/TopMate-Clone/app/controllers/application_controller.rb": {
        "lines": [
          null,
          null,
          1,
          1,
          null
        ]
      },
      "/home/ubuntu/.ashup99/TAMU/Fall 23/Assignments/SE/TopMate-Clone/app/controllers/dashboard_controller.rb": {
        "lines": [
          null,
          null,
          1,
          1,
          1,
          null,
          1,
          null,
          1,
          4,
          null,
          null,
          1,
          4,
          null,
          null
        ]
      },
      "/home/ubuntu/.ashup99/TAMU/Fall 23/Assignments/SE/TopMate-Clone/app/controllers/edit_public_page_controller.rb": {
        "lines": [
          null,
          null,
          1,
          1,
          1,
          null,
          1,
          1,
          1,
          null,
          0,
          0,
          null,
          null,
          null,
          1,
          null,
          1,
          4,
          null,
          null,
          1,
          4,
          null,
          null,
          1,
          1,
          null,
          null
        ]
      },
      "/home/ubuntu/.ashup99/TAMU/Fall 23/Assignments/SE/TopMate-Clone/app/controllers/email_submission_controller.rb": {
        "lines": [
          null,
          null,
          1,
          1,
          3,
          0,
          null,
          3,
          null,
          3,
          null,
          null,
          1,
          3,
          0,
          0,
          0,
          0,
          null,
          3,
          null,
          null,
          null,
          1,
          0,
          0,
          0,
          0,
          null,
          null
        ]
      },
      "/home/ubuntu/.ashup99/TAMU/Fall 23/Assignments/SE/TopMate-Clone/app/controllers/home_controller.rb": {
        "lines": [
          null,
          null,
          1,
          1,
          1,
          null,
          1,
          null,
          1,
          2,
          null,
          null,
          1,
          2,
          null,
          null
        ]
      },
      "/home/ubuntu/.ashup99/TAMU/Fall 23/Assignments/SE/TopMate-Clone/app/controllers/hours_controller.rb": {
        "lines": [
          null,
          null,
          1,
          1,
          1,
          null,
          null,
          1,
          3,
          24,
          3,
          7,
          null,
          3,
          null,
          null,
          null,
          1,
          3,
          3,
          24,
          null,
          null,
          null,
          1,
          6,
          48,
          6,
          6,
          6,
          6,
          3,
          null,
          6,
          3,
          null,
          null,
          null,
          null,
          null,
          1,
          2,
          null,
          2,
          4,
          2,
          null,
          null,
          null,
          1,
          null,
          null,
          1,
          6,
          null,
          null,
          1,
          14,
          null,
          null,
          1,
          15,
          null,
          null
        ]
      },
      "/home/ubuntu/.ashup99/TAMU/Fall 23/Assignments/SE/TopMate-Clone/app/controllers/password_reset_controller.rb": {
        "lines": [
          null,
          null,
          1,
          1,
          null,
          null,
          8,
          8,
          null,
          null,
          null,
          null,
          4,
          null,
          null,
          4,
          null,
          4,
          null,
          4,
          4,
          null,
          null,
          null,
          null,
          null,
          4,
          null,
          8,
          null,
          null
        ]
      },
      "/home/ubuntu/.ashup99/TAMU/Fall 23/Assignments/SE/TopMate-Clone/app/controllers/public_page_controller.rb": {
        "lines": [
          null,
          null,
          1,
          1,
          2,
          2,
          2,
          1,
          1,
          null,
          1,
          null,
          null,
          null
        ]
      },
      "/home/ubuntu/.ashup99/TAMU/Fall 23/Assignments/SE/TopMate-Clone/app/controllers/services_controller.rb": {
        "lines": [
          null,
          null,
          1,
          1,
          1,
          null,
          1,
          1,
          null,
          null,
          1,
          6,
          6,
          6,
          6,
          8,
          4,
          null,
          4,
          2,
          null,
          null,
          null,
          null,
          1,
          2,
          2,
          1,
          null,
          1,
          null,
          null,
          null,
          1,
          3,
          3,
          1,
          1,
          2,
          1,
          null,
          1,
          1,
          null,
          null,
          null,
          1,
          3,
          3,
          1,
          1,
          2,
          null,
          1,
          null,
          1,
          1,
          null,
          null,
          null,
          1,
          3,
          3,
          3,
          2,
          null,
          1,
          1,
          null,
          null,
          null,
          1,
          2,
          null,
          null,
          1,
          1,
          1,
          1,
          null,
          null,
          1,
          null,
          1,
          8,
          null,
          null,
          1,
          25,
          null,
          null,
          1,
          22,
          null,
          null
        ]
      },
      "/home/ubuntu/.ashup99/TAMU/Fall 23/Assignments/SE/TopMate-Clone/app/controllers/sessions_controller.rb": {
        "lines": [
          null,
          null,
          1,
          1,
          1,
          null,
          1,
          2,
          2,
          1,
          1,
          null,
          1,
          1,
          null,
          null,
          null,
          1,
          1,
          1,
          0,
          null,
          1,
          1,
          null,
          null,
          null,
          1,
          null,
          1,
          3,
          null,
          null,
          1,
          0,
          null,
          null
        ]
      },
      "/home/ubuntu/.ashup99/TAMU/Fall 23/Assignments/SE/TopMate-Clone/app/controllers/user_appointments_controller.rb": {
        "lines": [
          null,
          null,
          1,
          1,
          8,
          8,
          8,
          8,
          1,
          7,
          1,
          null,
          6,
          6,
          null,
          null,
          null,
          6,
          null,
          null,
          null,
          null
        ]
      },
      "/home/ubuntu/.ashup99/TAMU/Fall 23/Assignments/SE/TopMate-Clone/app/mailers/password_mailer.rb": {
        "lines": [
          null,
          null,
          1,
          null,
          null,
          null,
          null,
          null,
          1,
          2,
          null,
          2,
          0,
          null,
          null,
          2,
          null,
          null
        ]
      },
      "/home/ubuntu/.ashup99/TAMU/Fall 23/Assignments/SE/TopMate-Clone/app/mailers/application_mailer.rb": {
        "lines": [
          null,
          null,
          1,
          1,
          1,
          null
        ]
      },
      "/home/ubuntu/.ashup99/TAMU/Fall 23/Assignments/SE/TopMate-Clone/app/models/appointments.rb": {
        "lines": [
          null,
          null,
          1,
          1,
          1,
          1,
          1,
          null,
          null,
          null,
          null,
          1,
          1,
          1,
          null
        ]
      },
      "/home/ubuntu/.ashup99/TAMU/Fall 23/Assignments/SE/TopMate-Clone/app/models/appointment.rb": {
        "lines": [
          null,
          null,
          1,
          1,
          null
        ]
      },
      "/home/ubuntu/.ashup99/TAMU/Fall 23/Assignments/SE/TopMate-Clone/app/mailers/appointment_mailer.rb": {
        "lines": [
          null,
          null,
          1,
          1,
          1,
          1,
          null,
          1,
          null,
          null
        ]
      },
      "/home/ubuntu/.ashup99/TAMU/Fall 23/Assignments/SE/TopMate-Clone/app/models/reset_password_session.rb": {
        "lines": [
          null,
          null,
          1,
          null
        ]
      }
    },
    "timestamp": 1700622038
  }
}
