{
  "RSpec": {
    "coverage": {
      "/Users/a211961/Desktop/School Stuff/A&M Fall 2023/Software Engineering/TopMate-Clone/app/helpers/application_helper.rb": {
        "lines": [
          null,
          null,
          1,
          null
        ]
      },
      "/Users/a211961/Desktop/School Stuff/A&M Fall 2023/Software Engineering/TopMate-Clone/app/helpers/email_submission_helper.rb": {
        "lines": [
          null,
          null,
          1,
          null
        ]
      },
      "/Users/a211961/Desktop/School Stuff/A&M Fall 2023/Software Engineering/TopMate-Clone/app/helpers/public_page_helper.rb": {
        "lines": [
          null,
          null,
          1,
          null
        ]
      },
      "/Users/a211961/Desktop/School Stuff/A&M Fall 2023/Software Engineering/TopMate-Clone/app/helpers/services_helper.rb": {
        "lines": [
          null,
          null,
          1,
          null
        ]
      },
      "/Users/a211961/Desktop/School Stuff/A&M Fall 2023/Software Engineering/TopMate-Clone/app/helpers/welcome_helper.rb": {
        "lines": [
          null,
          null,
          1,
          null
        ]
      },
      "/Users/a211961/Desktop/School Stuff/A&M Fall 2023/Software Engineering/TopMate-Clone/app/models/service.rb": {
        "lines": [
          null,
          null,
          1,
          1,
          null
        ]
      },
      "/Users/a211961/Desktop/School Stuff/A&M Fall 2023/Software Engineering/TopMate-Clone/app/models/application_record.rb": {
        "lines": [
          null,
          null,
          1,
          1,
          null
        ]
      },
      "/Users/a211961/Desktop/School Stuff/A&M Fall 2023/Software Engineering/TopMate-Clone/app/models/user.rb": {
        "lines": [
          null,
          null,
          1,
          1,
          1,
          null
        ]
      },
      "/Users/a211961/Desktop/School Stuff/A&M Fall 2023/Software Engineering/TopMate-Clone/app/controllers/public_page_controller.rb": {
        "lines": [
          null,
          null,
          1,
          1,
          2,
          2,
          2,
          1,
          1,
          null,
          1,
          null,
          null,
          null
        ]
      },
      "/Users/a211961/Desktop/School Stuff/A&M Fall 2023/Software Engineering/TopMate-Clone/app/controllers/application_controller.rb": {
        "lines": [
          null,
          null,
          1,
          null
        ]
      },
      "/Users/a211961/Desktop/School Stuff/A&M Fall 2023/Software Engineering/TopMate-Clone/app/controllers/services_controller.rb": {
        "lines": [
          null,
          null,
          1,
          1,
          2,
          2,
          1,
          null,
          1,
          null,
          null,
          null,
          1,
          4,
          4,
          1,
          null,
          3,
          3,
          3,
          3,
          null,
          0,
          null,
          null,
          null,
          null,
          1,
          3,
          3,
          1,
          null,
          2,
          null,
          null,
          null,
          1,
          null,
          1,
          3,
          null,
          null
        ]
      },
      "/Users/a211961/Desktop/School Stuff/A&M Fall 2023/Software Engineering/TopMate-Clone/app/channels/application_cable/channel.rb": {
        "lines": [
          null,
          null,
          0,
          0,
          0,
          0
        ],
        "branches": {
        }
      },
      "/Users/a211961/Desktop/School Stuff/A&M Fall 2023/Software Engineering/TopMate-Clone/app/channels/application_cable/connection.rb": {
        "lines": [
          null,
          null,
          0,
          0,
          0,
          0
        ],
        "branches": {
        }
      },
      "/Users/a211961/Desktop/School Stuff/A&M Fall 2023/Software Engineering/TopMate-Clone/app/controllers/dashboard_controller.rb": {
        "lines": [
          null,
          null,
          0,
          0,
          0,
          0,
          null,
          0,
          0,
          0,
          null,
          0,
          0,
          0,
          null,
          0,
          0,
          0,
          0
        ],
        "branches": {
        }
      },
      "/Users/a211961/Desktop/School Stuff/A&M Fall 2023/Software Engineering/TopMate-Clone/app/controllers/email_submission_controller.rb": {
        "lines": [
          null,
          null,
          0,
          0,
          0,
          0,
          0,
          0,
          0,
          0,
          0,
          null,
          0,
          0,
          0,
          0,
          0,
          0,
          0,
          0,
          0,
          0,
          null,
          0,
          0,
          0,
          0,
          0,
          0,
          0
        ],
        "branches": {
        }
      },
      "/Users/a211961/Desktop/School Stuff/A&M Fall 2023/Software Engineering/TopMate-Clone/app/controllers/home_controller.rb": {
        "lines": [
          null,
          null,
          0,
          0,
          0,
          null,
          0,
          0,
          0,
          null,
          0,
          0,
          0,
          null,
          0,
          0,
          0,
          0
        ],
        "branches": {
        }
      },
      "/Users/a211961/Desktop/School Stuff/A&M Fall 2023/Software Engineering/TopMate-Clone/app/controllers/password_reset_controller.rb": {
        "lines": [
          null,
          null,
          0,
          0,
          null,
          null,
          0,
          0,
          null,
          null,
          null,
          null,
          0,
          null,
          null,
          0,
          null,
          0,
          null,
          0,
          0,
          null,
          null,
          0,
          null,
          null,
          0,
          0,
          0,
          0,
          0
        ],
        "branches": {
        }
      },
      "/Users/a211961/Desktop/School Stuff/A&M Fall 2023/Software Engineering/TopMate-Clone/app/controllers/sessions_controller.rb": {
        "lines": [
          null,
          null,
          0,
          null,
          0,
          null,
          0,
          0,
          0,
          0,
          0,
          0,
          0,
          0,
          0,
          0,
          null,
          0,
          0,
          0,
          0,
          null,
          0,
          0,
          0,
          null,
          null,
          null,
          null,
          0
        ],
        "branches": {
        }
      },
      "/Users/a211961/Desktop/School Stuff/A&M Fall 2023/Software Engineering/TopMate-Clone/app/controllers/welcome_controller.rb": {
        "lines": [
          null,
          null,
          0,
          0
        ],
        "branches": {
        }
      },
      "/Users/a211961/Desktop/School Stuff/A&M Fall 2023/Software Engineering/TopMate-Clone/app/jobs/application_job.rb": {
        "lines": [
          null,
          null,
          0,
          null,
          null,
          null,
          null,
          null,
          0
        ],
        "branches": {
        }
      },
      "/Users/a211961/Desktop/School Stuff/A&M Fall 2023/Software Engineering/TopMate-Clone/app/mailers/application_mailer.rb": {
        "lines": [
          null,
          null,
          0,
          0,
          0,
          0
        ],
        "branches": {
        }
      },
      "/Users/a211961/Desktop/School Stuff/A&M Fall 2023/Software Engineering/TopMate-Clone/app/mailers/password_mailer.rb": {
        "lines": [
          null,
          null,
          0,
          null,
          null,
          null,
          null,
          null,
          0,
          0,
          null,
          0,
          0,
          0
        ],
        "branches": {
        }
      },
      "/Users/a211961/Desktop/School Stuff/A&M Fall 2023/Software Engineering/TopMate-Clone/app/models/reset_password_session.rb": {
        "lines": [
          null,
          null,
          0,
          0
        ],
        "branches": {
        }
      }
    },
    "timestamp": 1697203492
  },
  "Cucumber Features": {
    "coverage": {
      "/Users/a211961/Desktop/School Stuff/A&M Fall 2023/Software Engineering/TopMate-Clone/app/models/user.rb": {
        "lines": [
          null,
          null,
          1,
          1,
          1,
          null
        ]
      },
      "/Users/a211961/Desktop/School Stuff/A&M Fall 2023/Software Engineering/TopMate-Clone/app/models/application_record.rb": {
        "lines": [
          null,
          null,
          1,
          1,
          null
        ]
      },
      "/Users/a211961/Desktop/School Stuff/A&M Fall 2023/Software Engineering/TopMate-Clone/app/controllers/sessions_controller.rb": {
        "lines": [
          null,
          null,
          1,
          null,
          1,
          null,
          1,
          5,
          5,
          3,
          3,
          null,
          2,
          2,
          null,
          null,
          null,
          1,
          0,
          0,
          null,
          null,
          1,
          0,
          null,
          null,
          null,
          null,
          null,
          null
        ]
      },
      "/Users/a211961/Desktop/School Stuff/A&M Fall 2023/Software Engineering/TopMate-Clone/app/controllers/application_controller.rb": {
        "lines": [
          null,
          null,
          1,
          null
        ]
      },
      "/Users/a211961/Desktop/School Stuff/A&M Fall 2023/Software Engineering/TopMate-Clone/app/helpers/application_helper.rb": {
        "lines": [
          null,
          null,
          1,
          null
        ]
      },
      "/Users/a211961/Desktop/School Stuff/A&M Fall 2023/Software Engineering/TopMate-Clone/app/helpers/email_submission_helper.rb": {
        "lines": [
          null,
          null,
          1,
          null
        ]
      },
      "/Users/a211961/Desktop/School Stuff/A&M Fall 2023/Software Engineering/TopMate-Clone/app/helpers/public_page_helper.rb": {
        "lines": [
          null,
          null,
          1,
          null
        ]
      },
      "/Users/a211961/Desktop/School Stuff/A&M Fall 2023/Software Engineering/TopMate-Clone/app/helpers/services_helper.rb": {
        "lines": [
          null,
          null,
          1,
          null
        ]
      },
      "/Users/a211961/Desktop/School Stuff/A&M Fall 2023/Software Engineering/TopMate-Clone/app/helpers/welcome_helper.rb": {
        "lines": [
          null,
          null,
          1,
          null
        ]
      },
      "/Users/a211961/Desktop/School Stuff/A&M Fall 2023/Software Engineering/TopMate-Clone/app/controllers/dashboard_controller.rb": {
        "lines": [
          null,
          null,
          1,
          1,
          1,
          1,
          null,
          1,
          8,
          null,
          null,
          1,
          0,
          null,
          null,
          1,
          4,
          null,
          null
        ]
      },
      "/Users/a211961/Desktop/School Stuff/A&M Fall 2023/Software Engineering/TopMate-Clone/app/models/service.rb": {
        "lines": [
          null,
          null,
          1,
          1,
          null
        ]
      },
      "/Users/a211961/Desktop/School Stuff/A&M Fall 2023/Software Engineering/TopMate-Clone/app/controllers/public_page_controller.rb": {
        "lines": [
          null,
          null,
          1,
          1,
          3,
          3,
          3,
          2,
          2,
          null,
          1,
          null,
          null,
          null
        ]
      },
      "/Users/a211961/Desktop/School Stuff/A&M Fall 2023/Software Engineering/TopMate-Clone/app/controllers/email_submission_controller.rb": {
        "lines": [
          null,
          null,
          1,
          1,
          3,
          2,
          null,
          1,
          null,
          3,
          null,
          null,
          1,
          3,
          2,
          2,
          2,
          2,
          null,
          1,
          null,
          null,
          null,
          1,
          2,
          2,
          2,
          2,
          null,
          null
        ]
      },
      "/Users/a211961/Desktop/School Stuff/A&M Fall 2023/Software Engineering/TopMate-Clone/app/mailers/password_mailer.rb": {
        "lines": [
          null,
          null,
          1,
          null,
          null,
          null,
          null,
          null,
          1,
          0,
          null,
          0,
          null,
          null
        ]
      },
      "/Users/a211961/Desktop/School Stuff/A&M Fall 2023/Software Engineering/TopMate-Clone/app/mailers/application_mailer.rb": {
        "lines": [
          null,
          null,
          1,
          1,
          1,
          null
        ]
      },
      "/Users/a211961/Desktop/School Stuff/A&M Fall 2023/Software Engineering/TopMate-Clone/app/models/reset_password_session.rb": {
        "lines": [
          null,
          null,
          1,
          null
        ]
      },
      "/Users/a211961/Desktop/School Stuff/A&M Fall 2023/Software Engineering/TopMate-Clone/app/controllers/home_controller.rb": {
        "lines": [
          null,
          null,
          1,
          1,
          1,
          null,
          1,
          2,
          null,
          null,
          1,
          0,
          null,
          null,
          1,
          2,
          null,
          null
        ]
      },
      "/Users/a211961/Desktop/School Stuff/A&M Fall 2023/Software Engineering/TopMate-Clone/app/controllers/password_reset_controller.rb": {
        "lines": [
          null,
          null,
          1,
          1,
          null,
          null,
          2,
          2,
          null,
          null,
          null,
          null,
          2,
          null,
          null,
          2,
          null,
          2,
          null,
          2,
          2,
          null,
          null,
          null,
          null,
          null,
          0,
          null,
          2,
          null,
          null
        ]
      },
      "/Users/a211961/Desktop/School Stuff/A&M Fall 2023/Software Engineering/TopMate-Clone/app/controllers/services_controller.rb": {
        "lines": [
          null,
          null,
          1,
          1,
          1,
          1,
          0,
          null,
          1,
          null,
          null,
          null,
          1,
          1,
          1,
          0,
          null,
          1,
          1,
          1,
          1,
          null,
          0,
          null,
          null,
          null,
          null,
          1,
          2,
          2,
          0,
          null,
          2,
          null,
          null,
          null,
          1,
          null,
          1,
          1,
          null,
          null
        ]
      },
      "/Users/a211961/Desktop/School Stuff/A&M Fall 2023/Software Engineering/TopMate-Clone/app/channels/application_cable/channel.rb": {
        "lines": [
          null,
          null,
          0,
          0,
          0,
          0
        ],
        "branches": {
        }
      },
      "/Users/a211961/Desktop/School Stuff/A&M Fall 2023/Software Engineering/TopMate-Clone/app/channels/application_cable/connection.rb": {
        "lines": [
          null,
          null,
          0,
          0,
          0,
          0
        ],
        "branches": {
        }
      },
      "/Users/a211961/Desktop/School Stuff/A&M Fall 2023/Software Engineering/TopMate-Clone/app/controllers/welcome_controller.rb": {
        "lines": [
          null,
          null,
          0,
          0
        ],
        "branches": {
        }
      },
      "/Users/a211961/Desktop/School Stuff/A&M Fall 2023/Software Engineering/TopMate-Clone/app/jobs/application_job.rb": {
        "lines": [
          null,
          null,
          0,
          null,
          null,
          null,
          null,
          null,
          0
        ],
        "branches": {
        }
      }
    },
    "timestamp": 1697203485
  }
}
